VirtualBox XPCOM Server 4.3.14_OSE r95030 linux.amd64 (Aug 25 2014 16:50:43) release log
00:00:00.039036 main     Log opened 2014-09-13T08:37:56.232030000Z
00:00:00.039040 main     Build Type: release
00:00:00.039048 main     OS Product: Linux
00:00:00.039050 main     OS Release: 3.16.2-1-ARCH
00:00:00.039052 main     OS Version: #1 SMP PREEMPT Sat Sep 6 13:12:51 CEST 2014
00:00:00.039103 main     DMI Product Name: GA-970A-D3
00:00:00.039123 main     DMI Product Version:  
00:00:00.039301 main     Host RAM: 7970MB total, 7239MB available
00:00:00.039307 main     Executable: /usr/lib/virtualbox/VBoxSVC
00:00:00.039308 main     Process ID: 28975
00:00:00.039310 main     Package type: LINUX_64BITS_GENERIC (OSE)
00:00:00.226456 nspr-2   Loading settings file "/home/hs/.config/VirtualBox/VirtualBox.xml" with version "1.12-linux"
00:00:00.298371 nspr-2   HostDnsMonitorProxy: Host's DNS information updated:
00:00:00.298396 nspr-2   DNS server 1: 208.67.222.222
00:00:00.298407 nspr-2   DNS server 2: 208.67.220.220
00:00:00.318623 nspr-2   VDInit finished
00:00:00.318813 nspr-2   ERROR [COM]: aRC=NS_ERROR_FAILURE (0x80004005) aIID={1254a96a-ae57-4484-946a-22d86c1f98af} aComponent={SystemProperties} aText={Cannot determine default Guest Additions ISO location. Most likely they are not available}, preserve=false
00:00:28.122317 nspr-2   WARNING [COM]: aRC=NS_ERROR_FAILURE (0x80004005) aIID={93269330-48ca-4096-b4a2-1189df336267} aComponent={Host} aText={VirtualBox is not currently allowed to access USB devices.  You can change this by adding your user to the 'vboxusers' group.  Please see the user manual for a more detailed explanation}, preserve=true 
00:00:28.518220 nspr-2   ERROR [COM]: aRC=NS_ERROR_FAILURE (0x80004005) aIID={480cf695-2d8d-4256-9c7c-cce4184fa048} aComponent={Machine} aText={This machine does not have any snapshots}, preserve=false
00:00:28.549239 nspr-2   WARNING [COM]: aRC=NS_ERROR_FAILURE (0x80004005) aIID={93269330-48ca-4096-b4a2-1189df336267} aComponent={Host} aText={VirtualBox is not currently allowed to access USB devices.  You can change this by adding your user to the 'vboxusers' group.  Please see the user manual for a more detailed explanation}, preserve=true 
00:00:28.635457 nspr-3   WARNING [COM]: aRC=NS_ERROR_FAILURE (0x80004005) aIID={93269330-48ca-4096-b4a2-1189df336267} aComponent={Host} aText={VirtualBox is not currently allowed to access USB devices.  You can change this by adding your user to the 'vboxusers' group.  Please see the user manual for a more detailed explanation}, preserve=true 
00:00:28.637434 nspr-3   WARNING [COM]: aRC=NS_ERROR_FAILURE (0x80004005) aIID={93269330-48ca-4096-b4a2-1189df336267} aComponent={Host} aText={VirtualBox is not currently allowed to access USB devices.  You can change this by adding your user to the 'vboxusers' group.  Please see the user manual for a more detailed explanation}, preserve=true 
00:00:31.458822 nspr-2   ERROR [COM]: aRC=VBOX_E_INVALID_VM_STATE (0x80bb0002) aIID={480cf695-2d8d-4256-9c7c-cce4184fa048} aComponent={Machine} aText={Machine is not locked for session (session state: Unlocked)}, preserve=false
00:00:31.510863 nspr-2   WARNING [COM]: aRC=NS_ERROR_FAILURE (0x80004005) aIID={93269330-48ca-4096-b4a2-1189df336267} aComponent={Host} aText={VirtualBox is not currently allowed to access USB devices.  You can change this by adding your user to the 'vboxusers' group.  Please see the user manual for a more detailed explanation}, preserve=true 
00:00:31.512617 nspr-2   WARNING [COM]: aRC=NS_ERROR_FAILURE (0x80004005) aIID={93269330-48ca-4096-b4a2-1189df336267} aComponent={Host} aText={VirtualBox is not currently allowed to access USB devices.  You can change this by adding your user to the 'vboxusers' group.  Please see the user manual for a more detailed explanation}, preserve=true 
00:00:31.853631 nspr-2   WARNING [COM]: aRC=NS_ERROR_FAILURE (0x80004005) aIID={93269330-48ca-4096-b4a2-1189df336267} aComponent={Host} aText={VirtualBox is not currently allowed to access USB devices.  You can change this by adding your user to the 'vboxusers' group.  Please see the user manual for a more detailed explanation}, preserve=true 
00:00:31.855491 nspr-2   WARNING [COM]: aRC=NS_ERROR_FAILURE (0x80004005) aIID={93269330-48ca-4096-b4a2-1189df336267} aComponent={Host} aText={VirtualBox is not currently allowed to access USB devices.  You can change this by adding your user to the 'vboxusers' group.  Please see the user manual for a more detailed explanation}, preserve=true 
00:00:31.860243 nspr-3   WARNING [COM]: aRC=NS_ERROR_FAILURE (0x80004005) aIID={93269330-48ca-4096-b4a2-1189df336267} aComponent={Host} aText={VirtualBox is not currently allowed to access USB devices.  You can change this by adding your user to the 'vboxusers' group.  Please see the user manual for a more detailed explanation}, preserve=true 
00:00:31.871204 nspr-3   WARNING [COM]: aRC=NS_ERROR_FAILURE (0x80004005) aIID={93269330-48ca-4096-b4a2-1189df336267} aComponent={Host} aText={VirtualBox is not currently allowed to access USB devices.  You can change this by adding your user to the 'vboxusers' group.  Please see the user manual for a more detailed explanation}, preserve=true 
00:00:31.873512 nspr-3   ERROR [COM]: aRC=VBOX_E_OBJECT_NOT_FOUND (0x80bb0001) aIID={3295e6ce-b051-47b2-9514-2c588bfe7554} aComponent={ExtPackManager} aText={No extension pack by the name 'Oracle VM VirtualBox Extension Pack' was found}, preserve=false
00:00:31.880484 nspr-2   ERROR [COM]: aRC=VBOX_E_IPRT_ERROR (0x80bb0005) aIID={480cf695-2d8d-4256-9c7c-cce4184fa048} aComponent={SessionMachine} aText={Saved screenshot data is not available (VERR_NOT_SUPPORTED)}, preserve=false
00:00:31.882675 nspr-3   WARNING [COM]: aRC=NS_ERROR_FAILURE (0x80004005) aIID={93269330-48ca-4096-b4a2-1189df336267} aComponent={Host} aText={VirtualBox is not currently allowed to access USB devices.  You can change this by adding your user to the 'vboxusers' group.  Please see the user manual for a more detailed explanation}, preserve=true 
00:00:31.904690 nspr-3   WARNING [COM]: aRC=NS_ERROR_FAILURE (0x80004005) aIID={93269330-48ca-4096-b4a2-1189df336267} aComponent={Host} aText={VirtualBox is not currently allowed to access USB devices.  You can change this by adding your user to the 'vboxusers' group.  Please see the user manual for a more detailed explanation}, preserve=true 
00:01:24.122828 nspr-2   WARNING [COM]: aRC=NS_ERROR_FAILURE (0x80004005) aIID={93269330-48ca-4096-b4a2-1189df336267} aComponent={Host} aText={VirtualBox is not currently allowed to access USB devices.  You can change this by adding your user to the 'vboxusers' group.  Please see the user manual for a more detailed explanation}, preserve=true 
00:01:24.124924 nspr-2   WARNING [COM]: aRC=NS_ERROR_FAILURE (0x80004005) aIID={93269330-48ca-4096-b4a2-1189df336267} aComponent={Host} aText={VirtualBox is not currently allowed to access USB devices.  You can change this by adding your user to the 'vboxusers' group.  Please see the user manual for a more detailed explanation}, preserve=true 
00:01:29.305492 nspr-3   WARNING [COM]: aRC=NS_ERROR_FAILURE (0x80004005) aIID={93269330-48ca-4096-b4a2-1189df336267} aComponent={Host} aText={VirtualBox is not currently allowed to access USB devices.  You can change this by adding your user to the 'vboxusers' group.  Please see the user manual for a more detailed explanation}, preserve=true 
00:01:29.981780 nspr-4   WARNING [COM]: aRC=NS_ERROR_FAILURE (0x80004005) aIID={93269330-48ca-4096-b4a2-1189df336267} aComponent={Host} aText={VirtualBox is not currently allowed to access USB devices.  You can change this by adding your user to the 'vboxusers' group.  Please see the user manual for a more detailed explanation}, preserve=true 
00:01:29.983637 nspr-3   WARNING [COM]: aRC=NS_ERROR_FAILURE (0x80004005) aIID={93269330-48ca-4096-b4a2-1189df336267} aComponent={Host} aText={VirtualBox is not currently allowed to access USB devices.  You can change this by adding your user to the 'vboxusers' group.  Please see the user manual for a more detailed explanation}, preserve=true 
